2024-04-19 12:32:31.611 [scheduling-1] INFO  c.e.demo.service.CommandeService - La commande faite le 2024-03-20 d'un montant global de 10.0 a une note de 5
2024-04-19 12:32:31.616 [scheduling-1] INFO  c.e.demo.service.CommandeService - La commande faite le 2024-03-20 d'un montant global de 100.0 a une note de 7
2024-04-19 12:32:41.640 [scheduling-1] INFO  c.e.demo.service.CommandeService - La commande faite le 2024-03-20 d'un montant global de 10.0 a une note de 5
2024-04-19 12:32:41.641 [scheduling-1] INFO  c.e.demo.service.CommandeService - La commande faite le 2024-03-20 d'un montant global de 100.0 a une note de 7
2024-04-19 12:32:51.659 [scheduling-1] INFO  c.e.demo.service.CommandeService - La commande faite le 2024-03-20 d'un montant global de 10.0 a une note de 5
2024-04-19 12:32:51.660 [scheduling-1] INFO  c.e.demo.service.CommandeService - La commande faite le 2024-03-20 d'un montant global de 100.0 a une note de 7
2024-04-19 12:33:00.021 [scheduling-1] ERROR o.s.s.s.TaskUtils$LoggingErrorHandler - Unexpected error occurred in scheduled task
org.hibernate.LazyInitializationException: failed to lazily initialize a collection of role: com.esprit.demo.entity.Menu.commandes: could not initialize proxy - no Session
	at org.hibernate.collection.spi.AbstractPersistentCollection.throwLazyInitializationException(AbstractPersistentCollection.java:634)
	at org.hibernate.collection.spi.AbstractPersistentCollection.withTemporarySessionIfNeeded(AbstractPersistentCollection.java:217)
	at org.hibernate.collection.spi.AbstractPersistentCollection.readSize(AbstractPersistentCollection.java:148)
	at org.hibernate.collection.spi.PersistentSet.size(PersistentSet.java:151)
	at com.esprit.demo.service.CommandeService.menuPlusCommande(CommandeService.java:119)
	at java.base/jdk.internal.reflect.NativeMethodAccessorImpl.invoke0(Native Method)
	at java.base/jdk.internal.reflect.NativeMethodAccessorImpl.invoke(NativeMethodAccessorImpl.java:77)
	at java.base/jdk.internal.reflect.DelegatingMethodAccessorImpl.invoke(DelegatingMethodAccessorImpl.java:43)
	at java.base/java.lang.reflect.Method.invoke(Method.java:568)
	at org.springframework.scheduling.support.ScheduledMethodRunnable.runInternal(ScheduledMethodRunnable.java:130)
	at org.springframework.scheduling.support.ScheduledMethodRunnable.lambda$run$2(ScheduledMethodRunnable.java:124)
	at io.micrometer.observation.Observation.observe(Observation.java:499)
	at org.springframework.scheduling.support.ScheduledMethodRunnable.run(ScheduledMethodRunnable.java:124)
	at org.springframework.scheduling.support.DelegatingErrorHandlingRunnable.run(DelegatingErrorHandlingRunnable.java:54)
	at org.springframework.scheduling.concurrent.ReschedulingRunnable.run(ReschedulingRunnable.java:96)
	at java.base/java.util.concurrent.Executors$RunnableAdapter.call(Executors.java:539)
	at java.base/java.util.concurrent.FutureTask.run(FutureTask.java:264)
	at java.base/java.util.concurrent.ScheduledThreadPoolExecutor$ScheduledFutureTask.run(ScheduledThreadPoolExecutor.java:304)
	at java.base/java.util.concurrent.ThreadPoolExecutor.runWorker(ThreadPoolExecutor.java:1136)
	at java.base/java.util.concurrent.ThreadPoolExecutor$Worker.run(ThreadPoolExecutor.java:635)
	at java.base/java.lang.Thread.run(Thread.java:840)
2024-04-19 12:33:01.687 [scheduling-1] INFO  c.e.demo.service.CommandeService - La commande faite le 2024-03-20 d'un montant global de 10.0 a une note de 5
2024-04-19 12:33:01.687 [scheduling-1] INFO  c.e.demo.service.CommandeService - La commande faite le 2024-03-20 d'un montant global de 100.0 a une note de 7
2024-04-19 12:33:11.711 [scheduling-1] INFO  c.e.demo.service.CommandeService - La commande faite le 2024-03-20 d'un montant global de 10.0 a une note de 5
2024-04-19 12:33:11.712 [scheduling-1] INFO  c.e.demo.service.CommandeService - La commande faite le 2024-03-20 d'un montant global de 100.0 a une note de 7
2024-04-19 12:33:21.731 [scheduling-1] INFO  c.e.demo.service.CommandeService - La commande faite le 2024-03-20 d'un montant global de 10.0 a une note de 5
2024-04-19 12:33:21.731 [scheduling-1] INFO  c.e.demo.service.CommandeService - La commande faite le 2024-03-20 d'un montant global de 100.0 a une note de 7
2024-04-19 12:33:30.010 [scheduling-1] ERROR o.s.s.s.TaskUtils$LoggingErrorHandler - Unexpected error occurred in scheduled task
org.hibernate.LazyInitializationException: failed to lazily initialize a collection of role: com.esprit.demo.entity.Menu.commandes: could not initialize proxy - no Session
	at org.hibernate.collection.spi.AbstractPersistentCollection.throwLazyInitializationException(AbstractPersistentCollection.java:634)
	at org.hibernate.collection.spi.AbstractPersistentCollection.withTemporarySessionIfNeeded(AbstractPersistentCollection.java:217)
	at org.hibernate.collection.spi.AbstractPersistentCollection.readSize(AbstractPersistentCollection.java:148)
	at org.hibernate.collection.spi.PersistentSet.size(PersistentSet.java:151)
	at com.esprit.demo.service.CommandeService.menuPlusCommande(CommandeService.java:119)
	at java.base/jdk.internal.reflect.NativeMethodAccessorImpl.invoke0(Native Method)
	at java.base/jdk.internal.reflect.NativeMethodAccessorImpl.invoke(NativeMethodAccessorImpl.java:77)
	at java.base/jdk.internal.reflect.DelegatingMethodAccessorImpl.invoke(DelegatingMethodAccessorImpl.java:43)
	at java.base/java.lang.reflect.Method.invoke(Method.java:568)
	at org.springframework.scheduling.support.ScheduledMethodRunnable.runInternal(ScheduledMethodRunnable.java:130)
	at org.springframework.scheduling.support.ScheduledMethodRunnable.lambda$run$2(ScheduledMethodRunnable.java:124)
	at io.micrometer.observation.Observation.observe(Observation.java:499)
	at org.springframework.scheduling.support.ScheduledMethodRunnable.run(ScheduledMethodRunnable.java:124)
	at org.springframework.scheduling.support.DelegatingErrorHandlingRunnable.run(DelegatingErrorHandlingRunnable.java:54)
	at org.springframework.scheduling.concurrent.ReschedulingRunnable.run(ReschedulingRunnable.java:96)
	at java.base/java.util.concurrent.Executors$RunnableAdapter.call(Executors.java:539)
	at java.base/java.util.concurrent.FutureTask.run(FutureTask.java:264)
	at java.base/java.util.concurrent.ScheduledThreadPoolExecutor$ScheduledFutureTask.run(ScheduledThreadPoolExecutor.java:304)
	at java.base/java.util.concurrent.ThreadPoolExecutor.runWorker(ThreadPoolExecutor.java:1136)
	at java.base/java.util.concurrent.ThreadPoolExecutor$Worker.run(ThreadPoolExecutor.java:635)
	at java.base/java.lang.Thread.run(Thread.java:840)
2024-04-19 12:33:31.754 [scheduling-1] INFO  c.e.demo.service.CommandeService - La commande faite le 2024-03-20 d'un montant global de 10.0 a une note de 5
2024-04-19 12:33:31.755 [scheduling-1] INFO  c.e.demo.service.CommandeService - La commande faite le 2024-03-20 d'un montant global de 100.0 a une note de 7
2024-04-19 12:33:41.777 [scheduling-1] INFO  c.e.demo.service.CommandeService - La commande faite le 2024-03-20 d'un montant global de 10.0 a une note de 5
2024-04-19 12:33:41.777 [scheduling-1] INFO  c.e.demo.service.CommandeService - La commande faite le 2024-03-20 d'un montant global de 100.0 a une note de 7
2024-04-19 12:33:51.798 [scheduling-1] INFO  c.e.demo.service.CommandeService - La commande faite le 2024-03-20 d'un montant global de 10.0 a une note de 5
2024-04-19 12:33:51.799 [scheduling-1] INFO  c.e.demo.service.CommandeService - La commande faite le 2024-03-20 d'un montant global de 100.0 a une note de 7
2024-04-19 12:34:00.018 [scheduling-1] ERROR o.s.s.s.TaskUtils$LoggingErrorHandler - Unexpected error occurred in scheduled task
org.hibernate.LazyInitializationException: failed to lazily initialize a collection of role: com.esprit.demo.entity.Menu.commandes: could not initialize proxy - no Session
	at org.hibernate.collection.spi.AbstractPersistentCollection.throwLazyInitializationException(AbstractPersistentCollection.java:634)
	at org.hibernate.collection.spi.AbstractPersistentCollection.withTemporarySessionIfNeeded(AbstractPersistentCollection.java:217)
	at org.hibernate.collection.spi.AbstractPersistentCollection.readSize(AbstractPersistentCollection.java:148)
	at org.hibernate.collection.spi.PersistentSet.size(PersistentSet.java:151)
	at com.esprit.demo.service.CommandeService.menuPlusCommande(CommandeService.java:119)
	at java.base/jdk.internal.reflect.NativeMethodAccessorImpl.invoke0(Native Method)
	at java.base/jdk.internal.reflect.NativeMethodAccessorImpl.invoke(NativeMethodAccessorImpl.java:77)
	at java.base/jdk.internal.reflect.DelegatingMethodAccessorImpl.invoke(DelegatingMethodAccessorImpl.java:43)
	at java.base/java.lang.reflect.Method.invoke(Method.java:568)
	at org.springframework.scheduling.support.ScheduledMethodRunnable.runInternal(ScheduledMethodRunnable.java:130)
	at org.springframework.scheduling.support.ScheduledMethodRunnable.lambda$run$2(ScheduledMethodRunnable.java:124)
	at io.micrometer.observation.Observation.observe(Observation.java:499)
	at org.springframework.scheduling.support.ScheduledMethodRunnable.run(ScheduledMethodRunnable.java:124)
	at org.springframework.scheduling.support.DelegatingErrorHandlingRunnable.run(DelegatingErrorHandlingRunnable.java:54)
	at org.springframework.scheduling.concurrent.ReschedulingRunnable.run(ReschedulingRunnable.java:96)
	at java.base/java.util.concurrent.Executors$RunnableAdapter.call(Executors.java:539)
	at java.base/java.util.concurrent.FutureTask.run(FutureTask.java:264)
	at java.base/java.util.concurrent.ScheduledThreadPoolExecutor$ScheduledFutureTask.run(ScheduledThreadPoolExecutor.java:304)
	at java.base/java.util.concurrent.ThreadPoolExecutor.runWorker(ThreadPoolExecutor.java:1136)
	at java.base/java.util.concurrent.ThreadPoolExecutor$Worker.run(ThreadPoolExecutor.java:635)
	at java.base/java.lang.Thread.run(Thread.java:840)
2024-04-19 12:34:01.820 [scheduling-1] INFO  c.e.demo.service.CommandeService - La commande faite le 2024-03-20 d'un montant global de 10.0 a une note de 5
2024-04-19 12:34:01.822 [scheduling-1] INFO  c.e.demo.service.CommandeService - La commande faite le 2024-03-20 d'un montant global de 100.0 a une note de 7
2024-04-19 12:34:11.849 [scheduling-1] INFO  c.e.demo.service.CommandeService - La commande faite le 2024-03-20 d'un montant global de 10.0 a une note de 5
2024-04-19 12:34:11.850 [scheduling-1] INFO  c.e.demo.service.CommandeService - La commande faite le 2024-03-20 d'un montant global de 100.0 a une note de 7
2024-04-19 12:34:21.876 [scheduling-1] INFO  c.e.demo.service.CommandeService - La commande faite le 2024-03-20 d'un montant global de 10.0 a une note de 5
2024-04-19 12:34:21.877 [scheduling-1] INFO  c.e.demo.service.CommandeService - La commande faite le 2024-03-20 d'un montant global de 100.0 a une note de 7
2024-04-19 12:34:30.018 [scheduling-1] ERROR o.s.s.s.TaskUtils$LoggingErrorHandler - Unexpected error occurred in scheduled task
org.hibernate.LazyInitializationException: failed to lazily initialize a collection of role: com.esprit.demo.entity.Menu.commandes: could not initialize proxy - no Session
	at org.hibernate.collection.spi.AbstractPersistentCollection.throwLazyInitializationException(AbstractPersistentCollection.java:634)
	at org.hibernate.collection.spi.AbstractPersistentCollection.withTemporarySessionIfNeeded(AbstractPersistentCollection.java:217)
	at org.hibernate.collection.spi.AbstractPersistentCollection.readSize(AbstractPersistentCollection.java:148)
	at org.hibernate.collection.spi.PersistentSet.size(PersistentSet.java:151)
	at com.esprit.demo.service.CommandeService.menuPlusCommande(CommandeService.java:119)
	at java.base/jdk.internal.reflect.NativeMethodAccessorImpl.invoke0(Native Method)
	at java.base/jdk.internal.reflect.NativeMethodAccessorImpl.invoke(NativeMethodAccessorImpl.java:77)
	at java.base/jdk.internal.reflect.DelegatingMethodAccessorImpl.invoke(DelegatingMethodAccessorImpl.java:43)
	at java.base/java.lang.reflect.Method.invoke(Method.java:568)
	at org.springframework.scheduling.support.ScheduledMethodRunnable.runInternal(ScheduledMethodRunnable.java:130)
	at org.springframework.scheduling.support.ScheduledMethodRunnable.lambda$run$2(ScheduledMethodRunnable.java:124)
	at io.micrometer.observation.Observation.observe(Observation.java:499)
	at org.springframework.scheduling.support.ScheduledMethodRunnable.run(ScheduledMethodRunnable.java:124)
	at org.springframework.scheduling.support.DelegatingErrorHandlingRunnable.run(DelegatingErrorHandlingRunnable.java:54)
	at org.springframework.scheduling.concurrent.ReschedulingRunnable.run(ReschedulingRunnable.java:96)
	at java.base/java.util.concurrent.Executors$RunnableAdapter.call(Executors.java:539)
	at java.base/java.util.concurrent.FutureTask.run(FutureTask.java:264)
	at java.base/java.util.concurrent.ScheduledThreadPoolExecutor$ScheduledFutureTask.run(ScheduledThreadPoolExecutor.java:304)
	at java.base/java.util.concurrent.ThreadPoolExecutor.runWorker(ThreadPoolExecutor.java:1136)
	at java.base/java.util.concurrent.ThreadPoolExecutor$Worker.run(ThreadPoolExecutor.java:635)
	at java.base/java.lang.Thread.run(Thread.java:840)
