2024-04-19 16:40:19.124 [scheduling-1] INFO  c.e.demo.service.CommandeService - La commande faite le 2024-03-20 d'un montant global de 10.0 a une note de 5
2024-04-19 16:40:19.127 [scheduling-1] INFO  c.e.demo.service.CommandeService - La commande faite le 2024-03-20 d'un montant global de 100.0 a une note de 7
2024-04-19 16:40:19.155 [scheduling-1] INFO  c.e.demo.service.CommandeService - Le menu le plus commandé dans notre restaurant est libMenu1 commandé 5 fois
2024-04-19 16:40:29.143 [scheduling-1] INFO  c.e.demo.service.CommandeService - La commande faite le 2024-03-20 d'un montant global de 10.0 a une note de 5
2024-04-19 16:40:29.143 [scheduling-1] INFO  c.e.demo.service.CommandeService - La commande faite le 2024-03-20 d'un montant global de 100.0 a une note de 7
2024-04-19 16:40:29.173 [scheduling-1] INFO  c.e.demo.service.CommandeService - Le menu le plus commandé dans notre restaurant est libMenu1 commandé 5 fois
2024-04-19 16:40:39.155 [scheduling-1] INFO  c.e.demo.service.CommandeService - La commande faite le 2024-03-20 d'un montant global de 10.0 a une note de 5
2024-04-19 16:40:39.155 [scheduling-1] INFO  c.e.demo.service.CommandeService - La commande faite le 2024-03-20 d'un montant global de 100.0 a une note de 7
2024-04-19 16:40:39.185 [scheduling-1] INFO  c.e.demo.service.CommandeService - Le menu le plus commandé dans notre restaurant est libMenu1 commandé 5 fois
2024-04-19 16:40:45.819 [SpringApplicationShutdownHook] INFO  o.s.o.j.LocalContainerEntityManagerFactoryBean - Closing JPA EntityManagerFactory for persistence unit 'default'
2024-04-19 16:40:45.823 [SpringApplicationShutdownHook] INFO  com.zaxxer.hikari.HikariDataSource - HikariPool-1 - Shutdown initiated...
2024-04-19 16:40:45.835 [SpringApplicationShutdownHook] INFO  com.zaxxer.hikari.HikariDataSource - HikariPool-1 - Shutdown completed.
2024-04-19 16:40:55.323 [main] INFO  com.esprit.demo.DemoApplication - Starting DemoApplication using Java 17.0.10 with PID 12816 (C:\Users\hp\Desktop\cours\spring-boot\demo\target\classes started by hp in C:\Users\hp\Desktop\cours\spring-boot\demo)
2024-04-19 16:40:55.326 [main] INFO  com.esprit.demo.DemoApplication - No active profile set, falling back to 1 default profile: "default"
2024-04-19 16:40:56.380 [main] INFO  o.s.d.r.c.RepositoryConfigurationDelegate - Bootstrapping Spring Data JPA repositories in DEFAULT mode.
2024-04-19 16:40:56.455 [main] INFO  o.s.d.r.c.RepositoryConfigurationDelegate - Finished Spring Data repository scanning in 68 ms. Found 7 JPA repository interfaces.
2024-04-19 16:40:57.297 [main] INFO  o.s.b.w.e.tomcat.TomcatWebServer - Tomcat initialized with port 8081 (http)
2024-04-19 16:40:57.311 [main] INFO  o.a.catalina.core.StandardService - Starting service [Tomcat]
2024-04-19 16:40:57.311 [main] INFO  o.a.catalina.core.StandardEngine - Starting Servlet engine: [Apache Tomcat/10.1.18]
2024-04-19 16:40:57.387 [main] INFO  o.a.c.c.C.[.[localhost].[/menu] - Initializing Spring embedded WebApplicationContext
2024-04-19 16:40:57.388 [main] INFO  o.s.b.w.s.c.ServletWebServerApplicationContext - Root WebApplicationContext: initialization completed in 2012 ms
2024-04-19 16:40:57.584 [main] INFO  o.h.jpa.internal.util.LogHelper - HHH000204: Processing PersistenceUnitInfo [name: default]
2024-04-19 16:40:57.728 [main] INFO  org.hibernate.Version - HHH000412: Hibernate ORM core version 6.4.1.Final
2024-04-19 16:40:57.794 [main] INFO  o.h.c.i.RegionFactoryInitiator - HHH000026: Second-level cache disabled
2024-04-19 16:40:58.234 [main] INFO  o.s.o.j.p.SpringPersistenceUnitInfo - No LoadTimeWeaver setup: ignoring JPA class transformer
2024-04-19 16:40:58.278 [main] INFO  com.zaxxer.hikari.HikariDataSource - HikariPool-1 - Starting...
2024-04-19 16:40:58.460 [main] INFO  com.zaxxer.hikari.pool.HikariPool - HikariPool-1 - Added connection com.mysql.cj.jdbc.ConnectionImpl@69d667a5
2024-04-19 16:40:58.465 [main] INFO  com.zaxxer.hikari.HikariDataSource - HikariPool-1 - Start completed.
2024-04-19 16:40:58.559 [main] WARN  org.hibernate.dialect.Dialect - HHH000511: The 5.5.0 version for [org.hibernate.dialect.MySQLDialect] is no longer supported, hence certain features may not work properly. The minimum supported version is 8.0.0. Check the community dialects project for available legacy versions.
2024-04-19 16:40:59.867 [main] INFO  o.h.e.t.j.p.i.JtaPlatformInitiator - HHH000489: No JTA platform available (set 'hibernate.transaction.jta.platform' to enable JTA platform integration)
2024-04-19 16:41:00.281 [main] INFO  o.s.o.j.LocalContainerEntityManagerFactoryBean - Initialized JPA EntityManagerFactory for persistence unit 'default'
2024-04-19 16:41:00.684 [main] INFO  o.s.d.j.r.query.QueryEnhancerFactory - Hibernate is in classpath; If applicable, HQL parser will be used.
2024-04-19 16:41:01.379 [main] WARN  o.s.b.a.o.j.JpaBaseConfiguration$JpaWebConfiguration - spring.jpa.open-in-view is enabled by default. Therefore, database queries may be performed during view rendering. Explicitly configure spring.jpa.open-in-view to disable this warning
2024-04-19 16:41:02.593 [main] INFO  o.s.b.w.e.tomcat.TomcatWebServer - Tomcat started on port 8081 (http) with context path '/menu'
2024-04-19 16:41:02.607 [main] INFO  com.esprit.demo.DemoApplication - Started DemoApplication in 7.798 seconds (process running for 8.624)
2024-04-19 16:41:02.805 [scheduling-1] INFO  c.e.demo.service.CommandeService - La commande faite le 2024-03-20 d'un montant global de 10.0 a une note de 5
2024-04-19 16:41:02.805 [scheduling-1] INFO  c.e.demo.service.CommandeService - La commande faite le 2024-03-20 d'un montant global de 100.0 a une note de 7
2024-04-19 16:41:02.833 [scheduling-1] INFO  c.e.demo.service.CommandeService - Le menu le plus commandé dans notre restaurant est libMenu1 commandé 5 fois
2024-04-19 16:41:02.834 [scheduling-1] INFO  c.e.d.c.PerformanceAspect - Method execution time: 26 milliseconds.
2024-04-19 16:41:12.836 [scheduling-1] INFO  c.e.demo.service.CommandeService - La commande faite le 2024-03-20 d'un montant global de 10.0 a une note de 5
2024-04-19 16:41:12.837 [scheduling-1] INFO  c.e.demo.service.CommandeService - La commande faite le 2024-03-20 d'un montant global de 100.0 a une note de 7
2024-04-19 16:41:21.401 [scheduling-1] INFO  c.e.demo.service.CommandeService - Le menu le plus commandé dans notre restaurant est libMenu1 commandé 5 fois
2024-04-19 16:41:21.403 [scheduling-1] INFO  c.e.d.c.PerformanceAspect - Method execution time: 77 milliseconds.
2024-04-19 16:41:31.347 [scheduling-1] INFO  c.e.demo.service.CommandeService - La commande faite le 2024-03-20 d'un montant global de 10.0 a une note de 5
2024-04-19 16:41:31.347 [scheduling-1] INFO  c.e.demo.service.CommandeService - La commande faite le 2024-03-20 d'un montant global de 100.0 a une note de 7
2024-04-19 16:41:31.423 [scheduling-1] INFO  c.e.demo.service.CommandeService - Le menu le plus commandé dans notre restaurant est libMenu1 commandé 5 fois
2024-04-19 16:41:31.423 [scheduling-1] INFO  c.e.d.c.PerformanceAspect - Method execution time: 8 milliseconds.
2024-04-19 16:41:41.378 [scheduling-1] INFO  c.e.demo.service.CommandeService - La commande faite le 2024-03-20 d'un montant global de 10.0 a une note de 5
2024-04-19 16:41:41.378 [scheduling-1] INFO  c.e.demo.service.CommandeService - La commande faite le 2024-03-20 d'un montant global de 100.0 a une note de 7
2024-04-19 16:41:41.448 [scheduling-1] INFO  c.e.demo.service.CommandeService - Le menu le plus commandé dans notre restaurant est libMenu1 commandé 5 fois
2024-04-19 16:41:41.448 [scheduling-1] INFO  c.e.d.c.PerformanceAspect - Method execution time: 11 milliseconds.
2024-04-19 16:41:51.392 [scheduling-1] INFO  c.e.demo.service.CommandeService - La commande faite le 2024-03-20 d'un montant global de 10.0 a une note de 5
2024-04-19 16:41:51.393 [scheduling-1] INFO  c.e.demo.service.CommandeService - La commande faite le 2024-03-20 d'un montant global de 100.0 a une note de 7
2024-04-19 16:41:51.467 [scheduling-1] INFO  c.e.demo.service.CommandeService - Le menu le plus commandé dans notre restaurant est libMenu1 commandé 5 fois
2024-04-19 16:41:51.467 [scheduling-1] INFO  c.e.d.c.PerformanceAspect - Method execution time: 10 milliseconds.
2024-04-19 16:42:01.435 [scheduling-1] INFO  c.e.demo.service.CommandeService - La commande faite le 2024-03-20 d'un montant global de 10.0 a une note de 5
2024-04-19 16:42:01.437 [scheduling-1] INFO  c.e.demo.service.CommandeService - La commande faite le 2024-03-20 d'un montant global de 100.0 a une note de 7
2024-04-19 16:42:01.482 [scheduling-1] INFO  c.e.demo.service.CommandeService - Le menu le plus commandé dans notre restaurant est libMenu1 commandé 5 fois
2024-04-19 16:42:01.483 [scheduling-1] INFO  c.e.d.c.PerformanceAspect - Method execution time: 13 milliseconds.
2024-04-19 16:42:11.466 [scheduling-1] INFO  c.e.demo.service.CommandeService - La commande faite le 2024-03-20 d'un montant global de 10.0 a une note de 5
2024-04-19 16:42:11.467 [scheduling-1] INFO  c.e.demo.service.CommandeService - La commande faite le 2024-03-20 d'un montant global de 100.0 a une note de 7
2024-04-19 16:42:11.495 [scheduling-1] INFO  c.e.demo.service.CommandeService - Le menu le plus commandé dans notre restaurant est libMenu1 commandé 5 fois
2024-04-19 16:42:11.495 [scheduling-1] INFO  c.e.d.c.PerformanceAspect - Method execution time: 9 milliseconds.
2024-04-19 16:42:21.509 [scheduling-1] INFO  c.e.demo.service.CommandeService - La commande faite le 2024-03-20 d'un montant global de 10.0 a une note de 5
2024-04-19 16:42:21.511 [scheduling-1] INFO  c.e.demo.service.CommandeService - La commande faite le 2024-03-20 d'un montant global de 100.0 a une note de 7
2024-04-19 16:42:21.550 [scheduling-1] INFO  c.e.demo.service.CommandeService - Le menu le plus commandé dans notre restaurant est libMenu1 commandé 5 fois
2024-04-19 16:42:21.550 [scheduling-1] INFO  c.e.d.c.PerformanceAspect - Method execution time: 38 milliseconds.
2024-04-19 16:42:31.551 [scheduling-1] INFO  c.e.demo.service.CommandeService - La commande faite le 2024-03-20 d'un montant global de 10.0 a une note de 5
2024-04-19 16:42:31.552 [scheduling-1] INFO  c.e.demo.service.CommandeService - La commande faite le 2024-03-20 d'un montant global de 100.0 a une note de 7
2024-04-19 16:42:31.565 [scheduling-1] INFO  c.e.demo.service.CommandeService - Le menu le plus commandé dans notre restaurant est libMenu1 commandé 5 fois
2024-04-19 16:42:31.565 [scheduling-1] INFO  c.e.d.c.PerformanceAspect - Method execution time: 12 milliseconds.
2024-04-19 16:42:41.579 [scheduling-1] INFO  c.e.demo.service.CommandeService - La commande faite le 2024-03-20 d'un montant global de 10.0 a une note de 5
2024-04-19 16:42:41.580 [scheduling-1] INFO  c.e.demo.service.CommandeService - La commande faite le 2024-03-20 d'un montant global de 100.0 a une note de 7
2024-04-19 16:42:41.588 [scheduling-1] INFO  c.e.demo.service.CommandeService - Le menu le plus commandé dans notre restaurant est libMenu1 commandé 5 fois
2024-04-19 16:42:41.589 [scheduling-1] INFO  c.e.d.c.PerformanceAspect - Method execution time: 9 milliseconds.
2024-04-19 16:42:51.611 [scheduling-1] INFO  c.e.demo.service.CommandeService - La commande faite le 2024-03-20 d'un montant global de 10.0 a une note de 5
2024-04-19 16:42:51.613 [scheduling-1] INFO  c.e.demo.service.CommandeService - La commande faite le 2024-03-20 d'un montant global de 100.0 a une note de 7
2024-04-19 16:42:51.638 [scheduling-1] INFO  c.e.demo.service.CommandeService - Le menu le plus commandé dans notre restaurant est libMenu1 commandé 5 fois
2024-04-19 16:42:51.638 [scheduling-1] INFO  c.e.d.c.PerformanceAspect - Method execution time: 24 milliseconds.
